[+] Containers:
 |- [+] Container: /Game/ThirdPerson/Maps/ThirdPersonMap
 |   |- [+] ActorDescs:
 |   |   |- Guid:07FB4AAB4608AC6BB49828B278EF3088 BaseClass: NativeClass:/Script/Engine.StaticMeshActor Name:StaticMeshActor_UAID_0897988E729A141502_1474730197 Label:SM_Cube4 SpatiallyLoaded:1 Bounds:IsValid=true, Min=(X=1578.667 Y=2117.390 Z=0.063), Max=(X=3878.667 Y=3142.390 Z=300.063) RuntimeGrid:None EditorOnly:0 RuntimeOnly:0 HLODRelevant:1 FolderPath:touchy/landscape FolderGuid:A6E8A84A49D8C83CA7EB0B919DD1BE09
 |   |   |- Guid:0CACEBA2429D7A3FE85846BC39B4EAAD BaseClass: NativeClass:/Script/Engine.StaticMeshActor Name:StaticMeshActor_UAID_0897988E729A111502_1489744664 Label:SM_Ramp3 SpatiallyLoaded:1 Bounds:IsValid=true, Min=(X=-2040.000 Y=496.375 Z=-0.000), Max=(X=710.000 Y=1796.375 Z=175.000) RuntimeGrid:None EditorOnly:0 RuntimeOnly:0 HLODRelevant:1 FolderPath:touchy/landscape FolderGuid:A6E8A84A49D8C83CA7EB0B919DD1BE09
 |   |   |- Guid:12C93EC144EC41DF1C22F1930456B69B BaseClass: NativeClass:/Script/Engine.StaticMeshActor Name:StaticMeshActor_UAID_0897988E729AEE1302_1516753452 Label:SM_Cube2 SpatiallyLoaded:1 Bounds:IsValid=true, Min=(X=-2797.956 Y=3140.670 Z=0.063), Max=(X=3927.044 Y=7040.670 Z=300.063) RuntimeGrid:None EditorOnly:0 RuntimeOnly:0 HLODRelevant:1 FolderPath:touchy/landscape FolderGuid:A6E8A84A49D8C83CA7EB0B919DD1BE09
 |   |   |- Guid:28BA10B143C46EC5448F758E9F9F0267 BaseClass: NativeClass:/Script/Engine.StaticMeshActor Name:StaticMeshActor_UAID_0897988E729AE51402_2045242920 Label:tree_Icosphere SpatiallyLoaded:1 Bounds:IsValid=true, Min=(X=1357.541 Y=1523.139 Z=819.977), Max=(X=2491.820 Y=2868.505 Z=1377.189) RuntimeGrid:None EditorOnly:0 RuntimeOnly:0 HLODRelevant:1 Parent:BD3828DF4811963CD7A8838207A15E91 FolderPath:touchy/landscape/trees FolderGuid:EA6876074E96EC49241A97B17746A1DE
 |   |   |- Guid:2AD07B934E804204701A689A9B09B2FA BaseClass: NativeClass:/Script/Engine.StaticMeshActor Name:StaticMeshActor_UAID_0897988E729A141502_1691670205 Label:Plane2 SpatiallyLoaded:1 Bounds:IsValid=true, Min=(X=-1047.500 Y=3135.000 Z=300.100), Max=(X=-172.500 Y=3685.000 Z=300.100) RuntimeGrid:None EditorOnly:0 RuntimeOnly:0 HLODRelevant:1
 |   |   |- Guid:2FB58999456391D349DC0F86DAC136ED BaseClass: NativeClass:/Script/Engine.SkyLight Name:SkyLight_1 Label:SkyLight SpatiallyLoaded:0 Bounds:IsValid=true, Min=(X=0.000 Y=0.000 Z=690.000), Max=(X=0.000 Y=0.000 Z=690.000) RuntimeGrid:None EditorOnly:0 RuntimeOnly:0 HLODRelevant:0 FolderPath:Lighting FolderGuid:963EC3EB4002CCE9759E2EBA541A873A
 |   |   |- Guid:316CF2A6494ACA4C0E4180A87D36AB8F BaseClass: NativeClass:/Script/Engine.ExponentialHeightFog Name:ExponentialHeightFog_0 Label:ExponentialHeightFog SpatiallyLoaded:0 Bounds:IsValid=true, Min=(X=-5600.000 Y=-50.000 Z=-6850.000), Max=(X=-5600.000 Y=-50.000 Z=-6850.000) RuntimeGrid:None EditorOnly:0 RuntimeOnly:0 HLODRelevant:0 FolderPath:Lighting FolderGuid:963EC3EB4002CCE9759E2EBA541A873A
 |   |   |- Guid:3817A7ED47D63CCC946FD5AA01BCD45F BaseClass: NativeClass:/Script/Engine.StaticMeshActor Name:StaticMeshActor_UAID_0897988E729A141502_1846318208 Label:tree_Icosphere3 SpatiallyLoaded:1 Bounds:IsValid=true, Min=(X=1491.940 Y=2620.791 Z=728.069), Max=(X=2407.549 Y=3612.097 Z=1173.838) RuntimeGrid:None EditorOnly:0 RuntimeOnly:0 HLODRelevant:1 Parent:AAED6E984DB11304BE8EE99A76E5238F FolderPath:touchy/landscape/trees FolderGuid:EA6876074E96EC49241A97B17746A1DE
 |   |   |- Guid:3A00AA1C422CE54C0BDB60BAF471BFBB BaseClass: NativeClass:/Script/Engine.PlayerStart Name:PlayerStart_0 Label:PlayerStart SpatiallyLoaded:0 Bounds:IsValid=true, Min=(X=1236.350 Y=331.263 Z=0.063), Max=(X=1316.350 Y=411.263 Z=184.063) RuntimeGrid:None EditorOnly:0 RuntimeOnly:0 HLODRelevant:0
 |   |   |- Guid:4C44AB2B41BB9FFB05A5089FDAD7AB4B BaseClass: NativeClass:/Script/Engine.StaticMeshActor Name:StaticMeshActor_UAID_0897988E729A141502_1761227206 Label:tree_Icosphere2 SpatiallyLoaded:1 Bounds:IsValid=true, Min=(X=1364.371 Y=2281.889 Z=273.464), Max=(X=2324.213 Y=3227.539 Z=644.938) RuntimeGrid:None EditorOnly:0 RuntimeOnly:0 HLODRelevant:1 Parent:BD3828DF4811963CD7A8838207A15E91 FolderPath:touchy/landscape/trees FolderGuid:EA6876074E96EC49241A97B17746A1DE
 |   |   |- Guid:4D3BE93F4146AAAC8BBE79999D96D57F BaseClass: NativeClass:/Script/Engine.VolumetricCloud Name:VolumetricCloud_0 Label:VolumetricCloud SpatiallyLoaded:0 Bounds:IsValid=true, Min=(X=0.000 Y=0.000 Z=820.000), Max=(X=0.000 Y=0.000 Z=820.000) RuntimeGrid:None EditorOnly:0 RuntimeOnly:0 HLODRelevant:0 FolderPath:Lighting FolderGuid:963EC3EB4002CCE9759E2EBA541A873A
 |   |   |- Guid:50AFF79C48C5241DDB9D7EB8B1524DFB BaseClass: NativeClass:/Script/Engine.StaticMeshActor Name:StaticMeshActor_UAID_0897988E729AED1302_1425609271 Label:Plane SpatiallyLoaded:1 Bounds:IsValid=true, Min=(X=1000.000 Y=200.000 Z=0.063), Max=(X=1500.000 Y=500.000 Z=0.063) RuntimeGrid:None EditorOnly:0 RuntimeOnly:0 HLODRelevant:1 FolderPath:touchy/landscape FolderGuid:A6E8A84A49D8C83CA7EB0B919DD1BE09
 |   |   |- Guid:5739A3C143A7157A8BEB3B9180B2E247 BaseClass: NativeClass:/Script/Engine.StaticMeshActor Name:StaticMeshActor_UAID_0897988E729A141502_1564291200 Label:SM_Ramp9 SpatiallyLoaded:1 Bounds:IsValid=true, Min=(X=-2800.000 Y=3676.375 Z=300.000), Max=(X=-1050.000 Y=4976.375 Z=475.000) RuntimeGrid:None EditorOnly:0 RuntimeOnly:0 HLODRelevant:1 FolderPath:touchy/landscape FolderGuid:A6E8A84A49D8C83CA7EB0B919DD1BE09
 |   |   |- Guid:5EE40CBA4744A772053DC9BE6EA9AFC4 BaseClass: NativeClass:/Script/Engine.StaticMeshActor Name:StaticMeshActor_UAID_0897988E729A141502_1651269204 Label:SM_Cube5 SpatiallyLoaded:1 Bounds:IsValid=true, Min=(X=-2800.580 Y=2127.390 Z=0.063), Max=(X=-1050.580 Y=3152.390 Z=300.063) RuntimeGrid:None EditorOnly:0 RuntimeOnly:0 HLODRelevant:1 FolderPath:touchy/landscape FolderGuid:A6E8A84A49D8C83CA7EB0B919DD1BE09
 |   |   |- Guid:64A53BBC4A2086CFD85ADB9F5E5C9147 BaseClass: NativeClass:/Script/Engine.StaticMeshActor Name:StaticMeshActor_UAID_0897988E729A141502_1564283199 Label:SM_Ramp8 SpatiallyLoaded:1 Bounds:IsValid=true, Min=(X=-1050.000 Y=3676.375 Z=300.000), Max=(X=-175.000 Y=4976.375 Z=475.000) RuntimeGrid:None EditorOnly:0 RuntimeOnly:0 HLODRelevant:1 FolderPath:touchy/landscape/intended FolderGuid:D6E73B7B4598975735495FA014C1A335
 |   |   |- Guid:6BAF4DDD444C60371492D3919DB42C97 BaseClass: NativeClass:/Script/Engine.WorldDataLayers Name:WorldDataLayers Label:WorldDataLayers SpatiallyLoaded:0 Bounds:IsValid=true, Min=(X=0.000 Y=0.000 Z=0.000), Max=(X=0.000 Y=0.000 Z=0.000) RuntimeGrid:None EditorOnly:0 RuntimeOnly:0 HLODRelevant:0
 |   |   |- Guid:7F43A1DD4040F93C13F2ECA590E09D3F BaseClass: NativeClass:/Script/Engine.StaticMeshActor Name:StaticMeshActor_UAID_0897988E729A131502_1792304018 Label:SM_Ramp5 SpatiallyLoaded:1 Bounds:IsValid=true, Min=(X=710.000 Y=816.375 Z=-0.000), Max=(X=1585.000 Y=2116.375 Z=300.000) RuntimeGrid:None EditorOnly:0 RuntimeOnly:0 HLODRelevant:1 FolderPath:touchy/landscape/intended FolderGuid:D6E73B7B4598975735495FA014C1A335
 |   |   |- Guid:8458F3B742AB6B7F8B8061A9A7ED71C0 BaseClass: NativeClass:/Script/Engine.StaticMeshActor Name:StaticMeshActor_UAID_0897988E729A131502_1792314019 Label:SM_Ramp6 SpatiallyLoaded:1 Bounds:IsValid=true, Min=(X=-2065.000 Y=816.375 Z=-0.000), Max=(X=710.000 Y=2116.375 Z=300.000) RuntimeGrid:None EditorOnly:0 RuntimeOnly:0 HLODRelevant:1 FolderPath:touchy/landscape FolderGuid:A6E8A84A49D8C83CA7EB0B919DD1BE09
 |   |   |- Guid:90AFBD22488428148D419DA9D6CE1EBF BaseClass: NativeClass:/Script/Engine.StaticMeshActor Name:StaticMeshActor_UAID_0897988E729A141502_1564299202 Label:SM_Ramp11 SpatiallyLoaded:1 Bounds:IsValid=true, Min=(X=-1050.000 Y=3996.375 Z=300.000), Max=(X=-175.000 Y=5296.375 Z=600.000) RuntimeGrid:None EditorOnly:0 RuntimeOnly:0 HLODRelevant:1 FolderPath:touchy/landscape/intended FolderGuid:D6E73B7B4598975735495FA014C1A335
 |   |   |- Guid:9BEF403549F078F5AF064284E1E8011C BaseClass: NativeClass:/Script/Engine.StaticMeshActor Name:StaticMeshActor_UAID_0897988E729A141502_1564269198 Label:SM_Ramp7 SpatiallyLoaded:1 Bounds:IsValid=true, Min=(X=-170.000 Y=3681.875 Z=300.000), Max=(X=1305.000 Y=4981.875 Z=475.000) RuntimeGrid:None EditorOnly:0 RuntimeOnly:0 HLODRelevant:1 FolderPath:touchy/landscape FolderGuid:A6E8A84A49D8C83CA7EB0B919DD1BE09
 |   |   |- Guid:9F38249249C4C7DD2CB65DA8BBCE458A BaseClass: NativeClass:/Script/Engine.StaticMeshActor Name:StaticMeshActor_UAID_0897988E729A131502_1792294017 Label:SM_Ramp4 SpatiallyLoaded:1 Bounds:IsValid=true, Min=(X=1590.000 Y=821.875 Z=-0.000), Max=(X=3065.000 Y=2121.875 Z=300.000) RuntimeGrid:None EditorOnly:0 RuntimeOnly:0 HLODRelevant:1 FolderPath:touchy/landscape FolderGuid:A6E8A84A49D8C83CA7EB0B919DD1BE09
 |   |   |- Guid:AAED6E984DB11304BE8EE99A76E5238F BaseClass: NativeClass:/Script/Engine.StaticMeshActor Name:StaticMeshActor_UAID_0897988E729A141502_1846312207 Label:tree_Cylinder2 SpatiallyLoaded:1 Bounds:IsValid=true, Min=(X=1877.432 Y=3029.905 Z=294.698), Max=(X=2067.087 Y=3212.403 Z=980.525) RuntimeGrid:None EditorOnly:0 RuntimeOnly:0 HLODRelevant:1 FolderPath:touchy/landscape/trees FolderGuid:EA6876074E96EC49241A97B17746A1DE
 |   |   |- Guid:ABD867DB426C67528FEBC59097114E02 BaseClass:/Game/OtherStuff/target_bp.target_bp_C NativeClass:/Script/Engine.Actor Name:target_bp_C_UAID_0897988E729AE61402_1875401097 Label:target_bp SpatiallyLoaded:1 Bounds:IsValid=true, Min=(X=900.000 Y=3100.000 Z=152.000), Max=(X=1540.000 Y=3740.000 Z=728.000) RuntimeGrid:None EditorOnly:0 RuntimeOnly:0 HLODRelevant:0 FolderPath:touchy/capture target FolderGuid:8ECEA1DC4C366E46289309ADDB68B450
 |   |   |- Guid:B39DD4234FD027C5959FBBA648F7C4C8 BaseClass: NativeClass:/Script/Engine.StaticMeshActor Name:StaticMeshActor_UAID_0897988E729A141502_1304182196 Label:SM_Cube3 SpatiallyLoaded:1 Bounds:IsValid=true, Min=(X=-1041.333 Y=2117.390 Z=0.063), Max=(X=1583.667 Y=3142.390 Z=300.063) RuntimeGrid:None EditorOnly:0 RuntimeOnly:0 HLODRelevant:1 FolderPath:touchy/landscape FolderGuid:A6E8A84A49D8C83CA7EB0B919DD1BE09
 |   |   |- Guid:B483B9E344E40C21E53C0FB78E0239B6 BaseClass: NativeClass:/Script/Engine.StaticMeshActor Name:StaticMeshActor_UAID_0897988E729A141502_1564305203 Label:SM_Ramp12 SpatiallyLoaded:1 Bounds:IsValid=true, Min=(X=-2800.000 Y=3996.375 Z=300.000), Max=(X=-1050.000 Y=5296.375 Z=600.000) RuntimeGrid:None EditorOnly:0 RuntimeOnly:0 HLODRelevant:1 FolderPath:touchy/landscape FolderGuid:A6E8A84A49D8C83CA7EB0B919DD1BE09
 |   |   |- Guid:B785ED2844B84CFB91E7F39FE661CD99 BaseClass: NativeClass:/Script/Engine.DirectionalLight Name:DirectionalLight_0 Label:DirectionalLight SpatiallyLoaded:0 Bounds:IsValid=true, Min=(X=-1048576.000 Y=-1048576.000 Z=-1048576.000), Max=(X=1048576.000 Y=1048576.000 Z=1048576.000) RuntimeGrid:None EditorOnly:0 RuntimeOnly:0 HLODRelevant:0 FolderPath:Lighting FolderGuid:963EC3EB4002CCE9759E2EBA541A873A
 |   |   |- Guid:BD3828DF4811963CD7A8838207A15E91 BaseClass: NativeClass:/Script/Engine.StaticMeshActor Name:StaticMeshActor_UAID_0897988E729AE51402_2021756919 Label:tree_Cylinder SpatiallyLoaded:1 Bounds:IsValid=true, Min=(X=1831.287 Y=2100.042 Z=278.263), Max=(X=2083.229 Y=2332.026 Z=1135.547) RuntimeGrid:None EditorOnly:0 RuntimeOnly:0 HLODRelevant:1 FolderPath:touchy/landscape/trees FolderGuid:EA6876074E96EC49241A97B17746A1DE
 |   |   |- Guid:C126AF8F4CC25258914D769B67F9E960 BaseClass: NativeClass:/Script/Engine.StaticMeshActor Name:StaticMeshActor_UAID_0897988E729A111502_1476439663 Label:SM_Ramp2 SpatiallyLoaded:1 Bounds:IsValid=true, Min=(X=710.000 Y=496.375 Z=-0.000), Max=(X=1585.000 Y=1796.375 Z=175.000) RuntimeGrid:None EditorOnly:0 RuntimeOnly:0 HLODRelevant:1 FolderPath:touchy/landscape/intended path FolderGuid:352F2B044FA0A3303A0CE6BAB0253A1A
 |   |   |- Guid:C3A0EDC4487D738A266977BB80AC41FB BaseClass: NativeClass:/Script/Engine.StaticMeshActor Name:StaticMeshActor_UAID_0897988E729A141502_1564296201 Label:SM_Ramp10 SpatiallyLoaded:1 Bounds:IsValid=true, Min=(X=-170.000 Y=4001.875 Z=300.000), Max=(X=1305.000 Y=5301.875 Z=600.000) RuntimeGrid:None EditorOnly:0 RuntimeOnly:0 HLODRelevant:1 FolderPath:touchy/landscape FolderGuid:A6E8A84A49D8C83CA7EB0B919DD1BE09
 |   |   |- Guid:CCFF262C46EEFFDF319E7F9539CE697E BaseClass: NativeClass:/Script/Engine.SkyAtmosphere Name:SkyAtmosphere_0 Label:SkyAtmosphere SpatiallyLoaded:0 Bounds:IsValid=true, Min=(X=0.000 Y=0.000 Z=1020.000), Max=(X=0.000 Y=0.000 Z=1020.000) RuntimeGrid:None EditorOnly:0 RuntimeOnly:0 HLODRelevant:0 FolderPath:Lighting FolderGuid:963EC3EB4002CCE9759E2EBA541A873A
 |   |   |- Guid:DFD0DBFA4B4C2E623ABA269436445559 BaseClass: NativeClass:/Script/Engine.StaticMeshActor Name:StaticMeshActor_UAID_0897988E729AEE1302_1724460453 Label:SM_Ramp SpatiallyLoaded:1 Bounds:IsValid=true, Min=(X=1590.000 Y=501.875 Z=-0.000), Max=(X=3065.000 Y=1801.875 Z=175.000) RuntimeGrid:None EditorOnly:0 RuntimeOnly:0 HLODRelevant:1 FolderPath:touchy/landscape FolderGuid:A6E8A84A49D8C83CA7EB0B919DD1BE09
 |   |   |- Guid:E449878D4BAFB494F59BFA9E3C221355 BaseClass: NativeClass:/Script/Engine.StaticMeshActor Name:StaticMeshActor_UAID_0897988E729AEE1302_1418924451 Label:Cube SpatiallyLoaded:1 Bounds:IsValid=true, Min=(X=1082.500 Y=3370.000 Z=300.438), Max=(X=1357.500 Y=3470.000 Z=400.438) RuntimeGrid:None EditorOnly:0 RuntimeOnly:0 HLODRelevant:1 FolderPath:touchy FolderGuid:E24F2A254CDC01ADA878C098E34315C7
 |   |   |- Guid:EC4E0C944CE6AC6E784BC6BB2916EA13 BaseClass: NativeClass:/Script/Engine.StaticMeshActor Name:StaticMeshActor_UAID_A4AE111137DC5EFB00_1110535423 Label:SM_SkySphere SpatiallyLoaded:0 Bounds:IsValid=true, Min=(X=-1638400.000 Y=-1606519.212 Z=-1638400.000), Max=(X=1638400.000 Y=1606792.788 Z=1638400.000) RuntimeGrid:None EditorOnly:0 RuntimeOnly:0 HLODRelevant:1 FolderPath:Lighting FolderGuid:963EC3EB4002CCE9759E2EBA541A873A
 |   |   |- Guid:F1924B8D48954B30891B2DB6A694F9CC BaseClass: NativeClass:/Script/Engine.StaticMeshActor Name:StaticMeshActor_1 Label:SM_Cube SpatiallyLoaded:1 Bounds:IsValid=true, Min=(X=-2043.964 Y=0.000 Z=-50.000), Max=(X=3456.036 Y=3500.000 Z=0.000) RuntimeGrid:None EditorOnly:0 RuntimeOnly:0 HLODRelevant:1 FolderPath:Playground FolderGuid:C73F09FC4215536B1DCE2A9E0A830C70
 |   |   |- Guid:F5E3FEB3450C49844FD93DA8E083C8AD BaseClass: NativeClass:/Script/Engine.PostProcessVolume Name:PostProcessVolume_0 Label:PostProcessVolume SpatiallyLoaded:0 Bounds:IsValid=true, Min=(X=0.000 Y=0.000 Z=400.000), Max=(X=200.000 Y=200.000 Z=600.000) RuntimeGrid:None EditorOnly:0 RuntimeOnly:0 HLODRelevant:0 FolderPath:Lighting FolderGuid:963EC3EB4002CCE9759E2EBA541A873A
 |   |- [+] Clusters:
 |   |   |- [+] [  0]
 |   |   |   |- Guid:6BAF4DDD444C60371492D3919DB42C97 BaseClass: NativeClass:/Script/Engine.WorldDataLayers Name:WorldDataLayers Label:WorldDataLayers SpatiallyLoaded:0 Bounds:IsValid=true, Min=(X=0.000 Y=0.000 Z=0.000), Max=(X=0.000 Y=0.000 Z=0.000) RuntimeGrid:None EditorOnly:0 RuntimeOnly:0 HLODRelevant:0
 |   |   |- [+] [  1]
 |   |   |   |- Guid:9F38249249C4C7DD2CB65DA8BBCE458A BaseClass: NativeClass:/Script/Engine.StaticMeshActor Name:StaticMeshActor_UAID_0897988E729A131502_1792294017 Label:SM_Ramp4 SpatiallyLoaded:1 Bounds:IsValid=true, Min=(X=1590.000 Y=821.875 Z=-0.000), Max=(X=3065.000 Y=2121.875 Z=300.000) RuntimeGrid:None EditorOnly:0 RuntimeOnly:0 HLODRelevant:1 FolderPath:touchy/landscape FolderGuid:A6E8A84A49D8C83CA7EB0B919DD1BE09
 |   |   |- [+] [  2]
 |   |   |   |- Guid:5739A3C143A7157A8BEB3B9180B2E247 BaseClass: NativeClass:/Script/Engine.StaticMeshActor Name:StaticMeshActor_UAID_0897988E729A141502_1564291200 Label:SM_Ramp9 SpatiallyLoaded:1 Bounds:IsValid=true, Min=(X=-2800.000 Y=3676.375 Z=300.000), Max=(X=-1050.000 Y=4976.375 Z=475.000) RuntimeGrid:None EditorOnly:0 RuntimeOnly:0 HLODRelevant:1 FolderPath:touchy/landscape FolderGuid:A6E8A84A49D8C83CA7EB0B919DD1BE09
 |   |   |- [+] [  3]
 |   |   |   |- Guid:F5E3FEB3450C49844FD93DA8E083C8AD BaseClass: NativeClass:/Script/Engine.PostProcessVolume Name:PostProcessVolume_0 Label:PostProcessVolume SpatiallyLoaded:0 Bounds:IsValid=true, Min=(X=0.000 Y=0.000 Z=400.000), Max=(X=200.000 Y=200.000 Z=600.000) RuntimeGrid:None EditorOnly:0 RuntimeOnly:0 HLODRelevant:0 FolderPath:Lighting FolderGuid:963EC3EB4002CCE9759E2EBA541A873A
 |   |   |- [+] [  4]
 |   |   |   |- Guid:DFD0DBFA4B4C2E623ABA269436445559 BaseClass: NativeClass:/Script/Engine.StaticMeshActor Name:StaticMeshActor_UAID_0897988E729AEE1302_1724460453 Label:SM_Ramp SpatiallyLoaded:1 Bounds:IsValid=true, Min=(X=1590.000 Y=501.875 Z=-0.000), Max=(X=3065.000 Y=1801.875 Z=175.000) RuntimeGrid:None EditorOnly:0 RuntimeOnly:0 HLODRelevant:1 FolderPath:touchy/landscape FolderGuid:A6E8A84A49D8C83CA7EB0B919DD1BE09
 |   |   |- [+] [  5]
 |   |   |   |- Guid:B483B9E344E40C21E53C0FB78E0239B6 BaseClass: NativeClass:/Script/Engine.StaticMeshActor Name:StaticMeshActor_UAID_0897988E729A141502_1564305203 Label:SM_Ramp12 SpatiallyLoaded:1 Bounds:IsValid=true, Min=(X=-2800.000 Y=3996.375 Z=300.000), Max=(X=-1050.000 Y=5296.375 Z=600.000) RuntimeGrid:None EditorOnly:0 RuntimeOnly:0 HLODRelevant:1 FolderPath:touchy/landscape FolderGuid:A6E8A84A49D8C83CA7EB0B919DD1BE09
 |   |   |- [+] [  6]
 |   |   |   |- Guid:CCFF262C46EEFFDF319E7F9539CE697E BaseClass: NativeClass:/Script/Engine.SkyAtmosphere Name:SkyAtmosphere_0 Label:SkyAtmosphere SpatiallyLoaded:0 Bounds:IsValid=true, Min=(X=0.000 Y=0.000 Z=1020.000), Max=(X=0.000 Y=0.000 Z=1020.000) RuntimeGrid:None EditorOnly:0 RuntimeOnly:0 HLODRelevant:0 FolderPath:Lighting FolderGuid:963EC3EB4002CCE9759E2EBA541A873A
 |   |   |- [+] [  7]
 |   |   |   |- Guid:4D3BE93F4146AAAC8BBE79999D96D57F BaseClass: NativeClass:/Script/Engine.VolumetricCloud Name:VolumetricCloud_0 Label:VolumetricCloud SpatiallyLoaded:0 Bounds:IsValid=true, Min=(X=0.000 Y=0.000 Z=820.000), Max=(X=0.000 Y=0.000 Z=820.000) RuntimeGrid:None EditorOnly:0 RuntimeOnly:0 HLODRelevant:0 FolderPath:Lighting FolderGuid:963EC3EB4002CCE9759E2EBA541A873A
 |   |   |- [+] [  8]
 |   |   |   |- Guid:7F43A1DD4040F93C13F2ECA590E09D3F BaseClass: NativeClass:/Script/Engine.StaticMeshActor Name:StaticMeshActor_UAID_0897988E729A131502_1792304018 Label:SM_Ramp5 SpatiallyLoaded:1 Bounds:IsValid=true, Min=(X=710.000 Y=816.375 Z=-0.000), Max=(X=1585.000 Y=2116.375 Z=300.000) RuntimeGrid:None EditorOnly:0 RuntimeOnly:0 HLODRelevant:1 FolderPath:touchy/landscape/intended FolderGuid:D6E73B7B4598975735495FA014C1A335
 |   |   |- [+] [  9]
 |   |   |   |- Guid:07FB4AAB4608AC6BB49828B278EF3088 BaseClass: NativeClass:/Script/Engine.StaticMeshActor Name:StaticMeshActor_UAID_0897988E729A141502_1474730197 Label:SM_Cube4 SpatiallyLoaded:1 Bounds:IsValid=true, Min=(X=1578.667 Y=2117.390 Z=0.063), Max=(X=3878.667 Y=3142.390 Z=300.063) RuntimeGrid:None EditorOnly:0 RuntimeOnly:0 HLODRelevant:1 FolderPath:touchy/landscape FolderGuid:A6E8A84A49D8C83CA7EB0B919DD1BE09
 |   |   |- [+] [ 10]
 |   |   |   |- Guid:4C44AB2B41BB9FFB05A5089FDAD7AB4B BaseClass: NativeClass:/Script/Engine.StaticMeshActor Name:StaticMeshActor_UAID_0897988E729A141502_1761227206 Label:tree_Icosphere2 SpatiallyLoaded:1 Bounds:IsValid=true, Min=(X=1364.371 Y=2281.889 Z=273.464), Max=(X=2324.213 Y=3227.539 Z=644.938) RuntimeGrid:None EditorOnly:0 RuntimeOnly:0 HLODRelevant:1 Parent:BD3828DF4811963CD7A8838207A15E91 FolderPath:touchy/landscape/trees FolderGuid:EA6876074E96EC49241A97B17746A1DE
 |   |   |   |- Guid:28BA10B143C46EC5448F758E9F9F0267 BaseClass: NativeClass:/Script/Engine.StaticMeshActor Name:StaticMeshActor_UAID_0897988E729AE51402_2045242920 Label:tree_Icosphere SpatiallyLoaded:1 Bounds:IsValid=true, Min=(X=1357.541 Y=1523.139 Z=819.977), Max=(X=2491.820 Y=2868.505 Z=1377.189) RuntimeGrid:None EditorOnly:0 RuntimeOnly:0 HLODRelevant:1 Parent:BD3828DF4811963CD7A8838207A15E91 FolderPath:touchy/landscape/trees FolderGuid:EA6876074E96EC49241A97B17746A1DE
 |   |   |   |- Guid:BD3828DF4811963CD7A8838207A15E91 BaseClass: NativeClass:/Script/Engine.StaticMeshActor Name:StaticMeshActor_UAID_0897988E729AE51402_2021756919 Label:tree_Cylinder SpatiallyLoaded:1 Bounds:IsValid=true, Min=(X=1831.287 Y=2100.042 Z=278.263), Max=(X=2083.229 Y=2332.026 Z=1135.547) RuntimeGrid:None EditorOnly:0 RuntimeOnly:0 HLODRelevant:1 FolderPath:touchy/landscape/trees FolderGuid:EA6876074E96EC49241A97B17746A1DE
 |   |   |- [+] [ 11]
 |   |   |   |- Guid:EC4E0C944CE6AC6E784BC6BB2916EA13 BaseClass: NativeClass:/Script/Engine.StaticMeshActor Name:StaticMeshActor_UAID_A4AE111137DC5EFB00_1110535423 Label:SM_SkySphere SpatiallyLoaded:0 Bounds:IsValid=true, Min=(X=-1638400.000 Y=-1606519.212 Z=-1638400.000), Max=(X=1638400.000 Y=1606792.788 Z=1638400.000) RuntimeGrid:None EditorOnly:0 RuntimeOnly:0 HLODRelevant:1 FolderPath:Lighting FolderGuid:963EC3EB4002CCE9759E2EBA541A873A
 |   |   |- [+] [ 12]
 |   |   |   |- Guid:5EE40CBA4744A772053DC9BE6EA9AFC4 BaseClass: NativeClass:/Script/Engine.StaticMeshActor Name:StaticMeshActor_UAID_0897988E729A141502_1651269204 Label:SM_Cube5 SpatiallyLoaded:1 Bounds:IsValid=true, Min=(X=-2800.580 Y=2127.390 Z=0.063), Max=(X=-1050.580 Y=3152.390 Z=300.063) RuntimeGrid:None EditorOnly:0 RuntimeOnly:0 HLODRelevant:1 FolderPath:touchy/landscape FolderGuid:A6E8A84A49D8C83CA7EB0B919DD1BE09
 |   |   |- [+] [ 13]
 |   |   |   |- Guid:B785ED2844B84CFB91E7F39FE661CD99 BaseClass: NativeClass:/Script/Engine.DirectionalLight Name:DirectionalLight_0 Label:DirectionalLight SpatiallyLoaded:0 Bounds:IsValid=true, Min=(X=-1048576.000 Y=-1048576.000 Z=-1048576.000), Max=(X=1048576.000 Y=1048576.000 Z=1048576.000) RuntimeGrid:None EditorOnly:0 RuntimeOnly:0 HLODRelevant:0 FolderPath:Lighting FolderGuid:963EC3EB4002CCE9759E2EBA541A873A
 |   |   |- [+] [ 14]
 |   |   |   |- Guid:ABD867DB426C67528FEBC59097114E02 BaseClass:/Game/OtherStuff/target_bp.target_bp_C NativeClass:/Script/Engine.Actor Name:target_bp_C_UAID_0897988E729AE61402_1875401097 Label:target_bp SpatiallyLoaded:1 Bounds:IsValid=true, Min=(X=900.000 Y=3100.000 Z=152.000), Max=(X=1540.000 Y=3740.000 Z=728.000) RuntimeGrid:None EditorOnly:0 RuntimeOnly:0 HLODRelevant:0 FolderPath:touchy/capture target FolderGuid:8ECEA1DC4C366E46289309ADDB68B450
 |   |   |- [+] [ 15]
 |   |   |   |- Guid:E449878D4BAFB494F59BFA9E3C221355 BaseClass: NativeClass:/Script/Engine.StaticMeshActor Name:StaticMeshActor_UAID_0897988E729AEE1302_1418924451 Label:Cube SpatiallyLoaded:1 Bounds:IsValid=true, Min=(X=1082.500 Y=3370.000 Z=300.438), Max=(X=1357.500 Y=3470.000 Z=400.438) RuntimeGrid:None EditorOnly:0 RuntimeOnly:0 HLODRelevant:1 FolderPath:touchy FolderGuid:E24F2A254CDC01ADA878C098E34315C7
 |   |   |- [+] [ 16]
 |   |   |   |- Guid:64A53BBC4A2086CFD85ADB9F5E5C9147 BaseClass: NativeClass:/Script/Engine.StaticMeshActor Name:StaticMeshActor_UAID_0897988E729A141502_1564283199 Label:SM_Ramp8 SpatiallyLoaded:1 Bounds:IsValid=true, Min=(X=-1050.000 Y=3676.375 Z=300.000), Max=(X=-175.000 Y=4976.375 Z=475.000) RuntimeGrid:None EditorOnly:0 RuntimeOnly:0 HLODRelevant:1 FolderPath:touchy/landscape/intended FolderGuid:D6E73B7B4598975735495FA014C1A335
 |   |   |- [+] [ 17]
 |   |   |   |- Guid:316CF2A6494ACA4C0E4180A87D36AB8F BaseClass: NativeClass:/Script/Engine.ExponentialHeightFog Name:ExponentialHeightFog_0 Label:ExponentialHeightFog SpatiallyLoaded:0 Bounds:IsValid=true, Min=(X=-5600.000 Y=-50.000 Z=-6850.000), Max=(X=-5600.000 Y=-50.000 Z=-6850.000) RuntimeGrid:None EditorOnly:0 RuntimeOnly:0 HLODRelevant:0 FolderPath:Lighting FolderGuid:963EC3EB4002CCE9759E2EBA541A873A
 |   |   |- [+] [ 18]
 |   |   |   |- Guid:F1924B8D48954B30891B2DB6A694F9CC BaseClass: NativeClass:/Script/Engine.StaticMeshActor Name:StaticMeshActor_1 Label:SM_Cube SpatiallyLoaded:1 Bounds:IsValid=true, Min=(X=-2043.964 Y=0.000 Z=-50.000), Max=(X=3456.036 Y=3500.000 Z=0.000) RuntimeGrid:None EditorOnly:0 RuntimeOnly:0 HLODRelevant:1 FolderPath:Playground FolderGuid:C73F09FC4215536B1DCE2A9E0A830C70
 |   |   |- [+] [ 19]
 |   |   |   |- Guid:B39DD4234FD027C5959FBBA648F7C4C8 BaseClass: NativeClass:/Script/Engine.StaticMeshActor Name:StaticMeshActor_UAID_0897988E729A141502_1304182196 Label:SM_Cube3 SpatiallyLoaded:1 Bounds:IsValid=true, Min=(X=-1041.333 Y=2117.390 Z=0.063), Max=(X=1583.667 Y=3142.390 Z=300.063) RuntimeGrid:None EditorOnly:0 RuntimeOnly:0 HLODRelevant:1 FolderPath:touchy/landscape FolderGuid:A6E8A84A49D8C83CA7EB0B919DD1BE09
 |   |   |- [+] [ 20]
 |   |   |   |- Guid:12C93EC144EC41DF1C22F1930456B69B BaseClass: NativeClass:/Script/Engine.StaticMeshActor Name:StaticMeshActor_UAID_0897988E729AEE1302_1516753452 Label:SM_Cube2 SpatiallyLoaded:1 Bounds:IsValid=true, Min=(X=-2797.956 Y=3140.670 Z=0.063), Max=(X=3927.044 Y=7040.670 Z=300.063) RuntimeGrid:None EditorOnly:0 RuntimeOnly:0 HLODRelevant:1 FolderPath:touchy/landscape FolderGuid:A6E8A84A49D8C83CA7EB0B919DD1BE09
 |   |   |- [+] [ 21]
 |   |   |   |- Guid:C126AF8F4CC25258914D769B67F9E960 BaseClass: NativeClass:/Script/Engine.StaticMeshActor Name:StaticMeshActor_UAID_0897988E729A111502_1476439663 Label:SM_Ramp2 SpatiallyLoaded:1 Bounds:IsValid=true, Min=(X=710.000 Y=496.375 Z=-0.000), Max=(X=1585.000 Y=1796.375 Z=175.000) RuntimeGrid:None EditorOnly:0 RuntimeOnly:0 HLODRelevant:1 FolderPath:touchy/landscape/intended path FolderGuid:352F2B044FA0A3303A0CE6BAB0253A1A
 |   |   |- [+] [ 22]
 |   |   |   |- Guid:C3A0EDC4487D738A266977BB80AC41FB BaseClass: NativeClass:/Script/Engine.StaticMeshActor Name:StaticMeshActor_UAID_0897988E729A141502_1564296201 Label:SM_Ramp10 SpatiallyLoaded:1 Bounds:IsValid=true, Min=(X=-170.000 Y=4001.875 Z=300.000), Max=(X=1305.000 Y=5301.875 Z=600.000) RuntimeGrid:None EditorOnly:0 RuntimeOnly:0 HLODRelevant:1 FolderPath:touchy/landscape FolderGuid:A6E8A84A49D8C83CA7EB0B919DD1BE09
 |   |   |- [+] [ 23]
 |   |   |   |- Guid:0CACEBA2429D7A3FE85846BC39B4EAAD BaseClass: NativeClass:/Script/Engine.StaticMeshActor Name:StaticMeshActor_UAID_0897988E729A111502_1489744664 Label:SM_Ramp3 SpatiallyLoaded:1 Bounds:IsValid=true, Min=(X=-2040.000 Y=496.375 Z=-0.000), Max=(X=710.000 Y=1796.375 Z=175.000) RuntimeGrid:None EditorOnly:0 RuntimeOnly:0 HLODRelevant:1 FolderPath:touchy/landscape FolderGuid:A6E8A84A49D8C83CA7EB0B919DD1BE09
 |   |   |- [+] [ 24]
 |   |   |   |- Guid:50AFF79C48C5241DDB9D7EB8B1524DFB BaseClass: NativeClass:/Script/Engine.StaticMeshActor Name:StaticMeshActor_UAID_0897988E729AED1302_1425609271 Label:Plane SpatiallyLoaded:1 Bounds:IsValid=true, Min=(X=1000.000 Y=200.000 Z=0.063), Max=(X=1500.000 Y=500.000 Z=0.063) RuntimeGrid:None EditorOnly:0 RuntimeOnly:0 HLODRelevant:1 FolderPath:touchy/landscape FolderGuid:A6E8A84A49D8C83CA7EB0B919DD1BE09
 |   |   |- [+] [ 25]
 |   |   |   |- Guid:2FB58999456391D349DC0F86DAC136ED BaseClass: NativeClass:/Script/Engine.SkyLight Name:SkyLight_1 Label:SkyLight SpatiallyLoaded:0 Bounds:IsValid=true, Min=(X=0.000 Y=0.000 Z=690.000), Max=(X=0.000 Y=0.000 Z=690.000) RuntimeGrid:None EditorOnly:0 RuntimeOnly:0 HLODRelevant:0 FolderPath:Lighting FolderGuid:963EC3EB4002CCE9759E2EBA541A873A
 |   |   |- [+] [ 26]
 |   |   |   |- Guid:2AD07B934E804204701A689A9B09B2FA BaseClass: NativeClass:/Script/Engine.StaticMeshActor Name:StaticMeshActor_UAID_0897988E729A141502_1691670205 Label:Plane2 SpatiallyLoaded:1 Bounds:IsValid=true, Min=(X=-1047.500 Y=3135.000 Z=300.100), Max=(X=-172.500 Y=3685.000 Z=300.100) RuntimeGrid:None EditorOnly:0 RuntimeOnly:0 HLODRelevant:1
 |   |   |- [+] [ 27]
 |   |   |   |- Guid:8458F3B742AB6B7F8B8061A9A7ED71C0 BaseClass: NativeClass:/Script/Engine.StaticMeshActor Name:StaticMeshActor_UAID_0897988E729A131502_1792314019 Label:SM_Ramp6 SpatiallyLoaded:1 Bounds:IsValid=true, Min=(X=-2065.000 Y=816.375 Z=-0.000), Max=(X=710.000 Y=2116.375 Z=300.000) RuntimeGrid:None EditorOnly:0 RuntimeOnly:0 HLODRelevant:1 FolderPath:touchy/landscape FolderGuid:A6E8A84A49D8C83CA7EB0B919DD1BE09
 |   |   |- [+] [ 28]
 |   |   |   |- Guid:90AFBD22488428148D419DA9D6CE1EBF BaseClass: NativeClass:/Script/Engine.StaticMeshActor Name:StaticMeshActor_UAID_0897988E729A141502_1564299202 Label:SM_Ramp11 SpatiallyLoaded:1 Bounds:IsValid=true, Min=(X=-1050.000 Y=3996.375 Z=300.000), Max=(X=-175.000 Y=5296.375 Z=600.000) RuntimeGrid:None EditorOnly:0 RuntimeOnly:0 HLODRelevant:1 FolderPath:touchy/landscape/intended FolderGuid:D6E73B7B4598975735495FA014C1A335
 |   |   |- [+] [ 29]
 |   |   |   |- Guid:3817A7ED47D63CCC946FD5AA01BCD45F BaseClass: NativeClass:/Script/Engine.StaticMeshActor Name:StaticMeshActor_UAID_0897988E729A141502_1846318208 Label:tree_Icosphere3 SpatiallyLoaded:1 Bounds:IsValid=true, Min=(X=1491.940 Y=2620.791 Z=728.069), Max=(X=2407.549 Y=3612.097 Z=1173.838) RuntimeGrid:None EditorOnly:0 RuntimeOnly:0 HLODRelevant:1 Parent:AAED6E984DB11304BE8EE99A76E5238F FolderPath:touchy/landscape/trees FolderGuid:EA6876074E96EC49241A97B17746A1DE
 |   |   |   |- Guid:AAED6E984DB11304BE8EE99A76E5238F BaseClass: NativeClass:/Script/Engine.StaticMeshActor Name:StaticMeshActor_UAID_0897988E729A141502_1846312207 Label:tree_Cylinder2 SpatiallyLoaded:1 Bounds:IsValid=true, Min=(X=1877.432 Y=3029.905 Z=294.698), Max=(X=2067.087 Y=3212.403 Z=980.525) RuntimeGrid:None EditorOnly:0 RuntimeOnly:0 HLODRelevant:1 FolderPath:touchy/landscape/trees FolderGuid:EA6876074E96EC49241A97B17746A1DE
 |   |   |- [+] [ 30]
 |   |   |   |- Guid:3A00AA1C422CE54C0BDB60BAF471BFBB BaseClass: NativeClass:/Script/Engine.PlayerStart Name:PlayerStart_0 Label:PlayerStart SpatiallyLoaded:0 Bounds:IsValid=true, Min=(X=1236.350 Y=331.263 Z=0.063), Max=(X=1316.350 Y=411.263 Z=184.063) RuntimeGrid:None EditorOnly:0 RuntimeOnly:0 HLODRelevant:0
 |   |   |- [+] [ 31]
 |   |   |   |- Guid:9BEF403549F078F5AF064284E1E8011C BaseClass: NativeClass:/Script/Engine.StaticMeshActor Name:StaticMeshActor_UAID_0897988E729A141502_1564269198 Label:SM_Ramp7 SpatiallyLoaded:1 Bounds:IsValid=true, Min=(X=-170.000 Y=3681.875 Z=300.000), Max=(X=1305.000 Y=4981.875 Z=475.000) RuntimeGrid:None EditorOnly:0 RuntimeOnly:0 HLODRelevant:1 FolderPath:touchy/landscape FolderGuid:A6E8A84A49D8C83CA7EB0B919DD1BE09
 |- ContainerInstances:
 |- [+] MainContainer:
 |   |-        ID: 0x0000000000000000
 |   |-    Bounds: IsValid=false, Min=(X=0.000 Y=0.000 Z=0.000), Max=(X=0.000 Y=0.000 Z=0.000)
 |   |- Transform: 0.000000,0.000000,0.000000|0.000000,0.000000,-0.000000|1.000000,1.000000,1.000000
 |   |- Container: /Game/ThirdPerson/Maps/ThirdPersonMap
